<?xml version="1.0" encoding="UTF-8"?>
<!-- Generated by org.testng.reporters.JUnitXMLReporter -->
<testsuite ignored="0" hostname="DESKTOP-UQP0FL8" failures="0" tests="2" name="Test" time="80.761" errors="0" timestamp="2022-05-13T23:41:07 IST">
  <testcase classname="Runner.TestCase2" name="@AfterTest teardown" time="0.001">
    <failure type="java.lang.NullPointerException" message="Cannot invoke &amp;quot;org.openqa.selenium.WebDriver.close()&amp;quot; because &amp;quot;Runner.TestCase2.driver&amp;quot; is null">
      <![CDATA[java.lang.NullPointerException: Cannot invoke "org.openqa.selenium.WebDriver.close()" because "Runner.TestCase2.driver" is null
at Runner.TestCase2.teardown(TestCase2.java:41)
... Removed 24 stack frames]]>
    </failure>
  </testcase> <!-- @AfterTest teardown -->
  <testcase classname="Runner.TestCase1" name="Test1navigation" time="53.442"/>
  <testcase classname="Runner.TestCase2" name="Test2navigation" time="20.733"/>
</testsuite> <!-- Test -->
